[themesbrand.com/velzon/html/modern/index.html]
[backblue.gif]
[fade.gif]
[index.html]
[themesbrand.com/velzon/html/modern/assets/libs/jsvectormap/jsvectormap.min.css]
[themesbrand.com/velzon/html/modern/assets/libs/swiper/swiper-bundle.min.css]
[themesbrand.com/velzon/html/modern/assets/js/layout.js]
[themesbrand.com/velzon/html/modern/assets/css/bootstrap.min.css]
[themesbrand.com/velzon/html/modern/assets/css/icons.min.css]
[themesbrand.com/velzon/html/modern/assets/images/logo-sm.png]
[themesbrand.com/velzon/html/modern/assets/css/app.min.css]
[themesbrand.com/velzon/html/modern/assets/images/logo-dark.png]
[themesbrand.com/velzon/html/modern/assets/images/logo-light.png]
[themesbrand.com/velzon/html/modern/assets/images/users/avatar-2.jpg]
[themesbrand.com/velzon/html/modern/assets/images/users/avatar-3.jpg]
[themesbrand.com/velzon/html/modern/assets/images/users/avatar-5.jpg]
[themesbrand.com/velzon/html/modern/pages-search-results.html]
[themesbrand.com/velzon/html/modern/assets/images/brands/github.png]
[themesbrand.com/velzon/html/modern/assets/images/brands/bitbucket.png]
[themesbrand.com/velzon/html/modern/assets/images/brands/dribbble.png]
[themesbrand.com/velzon/html/modern/assets/images/brands/dropbox.png]
[themesbrand.com/velzon/html/modern/assets/images/brands/mail_chimp.png]
[themesbrand.com/velzon/html/modern/assets/images/brands/slack.png]
[themesbrand.com/velzon/html/modern/apps-ecommerce-products.html]
[themesbrand.com/velzon/html/modern/assets/images/products/img-1.png]
[themesbrand.com/velzon/html/modern/apps-ecommerce-product-details.html]
[themesbrand.com/velzon/html/modern/assets/images/products/img-2.png]
[themesbrand.com/velzon/html/modern/assets/images/products/img-3.png]
[themesbrand.com/velzon/html/modern/assets/images/products/img-6.png]
[themesbrand.com/velzon/html/modern/assets/images/products/img-5.png]
[themesbrand.com/velzon/html/modern/apps-ecommerce-checkout.html]
[themesbrand.com/velzon/html/modern/assets/images/users/avatar-6.jpg]
[themesbrand.com/velzon/html/modern/assets/images/users/avatar-1.jpg]
[themesbrand.com/velzon/html/modern/pages-profile.html]
[themesbrand.com/velzon/html/modern/apps-chat.html]
[themesbrand.com/velzon/html/modern/apps-tasks-kanban.html]
[themesbrand.com/velzon/html/modern/pages-faqs.html]
[themesbrand.com/velzon/html/modern/pages-profile-settings.html]
[themesbrand.com/velzon/html/modern/auth-lockscreen-basic.html]
[themesbrand.com/velzon/html/modern/auth-logout-basic.html]
[themesbrand.com/velzon/html/modern/dashboard-analytics.html]
[themesbrand.com/velzon/html/modern/dashboard-crm.html]
[themesbrand.com/velzon/html/modern/dashboard-crypto.html]
[themesbrand.com/velzon/html/modern/dashboard-projects.html]
[themesbrand.com/velzon/html/modern/dashboard-nft.html]
[themesbrand.com/velzon/html/modern/dashboard-job.html]
[themesbrand.com/velzon/html/modern/dashboard-blog.html]
[themesbrand.com/velzon/html/modern/apps-calendar.html]
[themesbrand.com/velzon/html/modern/apps-calendar-month-grid.html]
[themesbrand.com/velzon/html/modern/apps-mailbox.html]
[themesbrand.com/velzon/html/modern/apps-email-basic.html]
[themesbrand.com/velzon/html/modern/apps-email-ecommerce.html]
[themesbrand.com/velzon/html/modern/apps-ecommerce-add-product.html]
[themesbrand.com/velzon/html/modern/apps-ecommerce-orders.html]
[themesbrand.com/velzon/html/modern/apps-ecommerce-order-details.html]
[themesbrand.com/velzon/html/modern/apps-ecommerce-customers.html]
[themesbrand.com/velzon/html/modern/apps-ecommerce-cart.html]
[themesbrand.com/velzon/html/modern/apps-ecommerce-sellers.html]
[themesbrand.com/velzon/html/modern/apps-ecommerce-seller-details.html]
[themesbrand.com/velzon/html/modern/apps-projects-list.html]
[themesbrand.com/velzon/html/modern/apps-projects-overview.html]
[themesbrand.com/velzon/html/modern/apps-tasks-list-view.html]
[themesbrand.com/velzon/html/modern/apps-tasks-details.html]
[themesbrand.com/velzon/html/modern/apps-crm-contacts.html]
[themesbrand.com/velzon/html/modern/apps-crm-companies.html]
[themesbrand.com/velzon/html/modern/apps-crm-leads.html]
[themesbrand.com/velzon/html/modern/apps-crm-deals.html]
[themesbrand.com/velzon/html/modern/apps-crypto-transactions.html]
[themesbrand.com/velzon/html/modern/apps-crypto-buy-sell.html]
[themesbrand.com/velzon/html/modern/apps-crypto-orders.html]
[themesbrand.com/velzon/html/modern/apps-crypto-wallet.html]
[themesbrand.com/velzon/html/modern/apps-crypto-ico.html]
[themesbrand.com/velzon/html/modern/apps-crypto-kyc.html]
[themesbrand.com/velzon/html/modern/apps-invoices-list.html]
[themesbrand.com/velzon/html/modern/apps-invoices-details.html]
[themesbrand.com/velzon/html/modern/apps-invoices-create.html]
[themesbrand.com/velzon/html/modern/apps-tickets-list.html]
[themesbrand.com/velzon/html/modern/apps-tickets-details.html]
[themesbrand.com/velzon/html/modern/apps-nft-marketplace.html]
[themesbrand.com/velzon/html/modern/apps-nft-explore.html]
[themesbrand.com/velzon/html/modern/apps-nft-auction.html]
[themesbrand.com/velzon/html/modern/apps-nft-item-details.html]
[themesbrand.com/velzon/html/modern/apps-nft-collections.html]
[themesbrand.com/velzon/html/modern/apps-nft-creators.html]
[themesbrand.com/velzon/html/modern/apps-nft-ranking.html]
[themesbrand.com/velzon/html/modern/apps-nft-wallet.html]
[themesbrand.com/velzon/html/modern/apps-nft-create.html]
[themesbrand.com/velzon/html/modern/apps-file-manager.html]
[themesbrand.com/velzon/html/modern/apps-todo.html]
[themesbrand.com/velzon/html/modern/apps-job-statistics.html]
[themesbrand.com/velzon/html/modern/apps-job-lists.html]
[themesbrand.com/velzon/html/modern/apps-job-grid-lists.html]
[themesbrand.com/velzon/html/modern/apps-job-details.html]
[themesbrand.com/velzon/html/modern/apps-job-candidate-lists.html]
[themesbrand.com/velzon/html/modern/apps-job-candidate-grid.html]
[themesbrand.com/velzon/html/modern/apps-job-application.html]
[themesbrand.com/velzon/html/modern/apps-job-new.html]
[themesbrand.com/velzon/html/modern/apps-job-companies-lists.html]
[themesbrand.com/velzon/html/modern/apps-job-categories.html]
[themesbrand.com/velzon/html/modern/apps-api-key.html]
[themesbrand.com/velzon/html/modern/layouts-horizontal.html]
[themesbrand.com/velzon/html/modern/layouts-detached.html]
[themesbrand.com/velzon/html/modern/layouts-two-column.html]
[themesbrand.com/velzon/html/modern/layouts-vertical-hovered.html]
[themesbrand.com/velzon/html/modern/auth-signin-basic.html]
[themesbrand.com/velzon/html/modern/auth-signin-cover.html]
[themesbrand.com/velzon/html/modern/auth-signup-basic.html]
[themesbrand.com/velzon/html/modern/auth-signup-cover.html]
[themesbrand.com/velzon/html/modern/auth-pass-reset-basic.html]
[themesbrand.com/velzon/html/modern/auth-pass-reset-cover.html]
[themesbrand.com/velzon/html/modern/auth-pass-change-basic.html]
[themesbrand.com/velzon/html/modern/auth-pass-change-cover.html]
[themesbrand.com/velzon/html/modern/auth-lockscreen-cover.html]
[themesbrand.com/velzon/html/modern/auth-logout-cover.html]
[themesbrand.com/velzon/html/modern/auth-success-msg-basic.html]
[themesbrand.com/velzon/html/modern/auth-success-msg-cover.html]
[themesbrand.com/velzon/html/modern/auth-twostep-basic.html]
[themesbrand.com/velzon/html/modern/auth-twostep-cover.html]
[themesbrand.com/velzon/html/modern/auth-404-basic.html]
[themesbrand.com/velzon/html/modern/auth-404-cover.html]
[themesbrand.com/velzon/html/modern/auth-404-alt.html]
[themesbrand.com/velzon/html/modern/auth-500.html]
[themesbrand.com/velzon/html/modern/auth-offline.html]
[themesbrand.com/velzon/html/modern/pages-starter.html]
[themesbrand.com/velzon/html/modern/pages-team.html]
[themesbrand.com/velzon/html/modern/pages-timeline.html]
[themesbrand.com/velzon/html/modern/pages-pricing.html]
[themesbrand.com/velzon/html/modern/pages-maintenance.html]
[themesbrand.com/velzon/html/modern/pages-coming-soon.html]
[themesbrand.com/velzon/html/modern/pages-sitemap.html]
[themesbrand.com/velzon/html/modern/pages-privacy-policy.html]
[themesbrand.com/velzon/html/modern/pages-term-conditions.html]
[themesbrand.com/velzon/html/modern/pages-blog-list.html]
[themesbrand.com/velzon/html/modern/pages-blog-grid.html]
[themesbrand.com/velzon/html/modern/pages-blog-overview.html]
[themesbrand.com/velzon/html/modern/landing.html]
[themesbrand.com/velzon/html/modern/nft-landing.html]
[themesbrand.com/velzon/html/modern/job-landing.html]
[themesbrand.com/velzon/html/modern/ui-alerts.html]
[themesbrand.com/velzon/html/modern/ui-badges.html]
[themesbrand.com/velzon/html/modern/ui-buttons.html]
[themesbrand.com/velzon/html/modern/ui-colors.html]
[themesbrand.com/velzon/html/modern/ui-cards.html]
[themesbrand.com/velzon/html/modern/ui-carousel.html]
[themesbrand.com/velzon/html/modern/ui-grid.html]
[themesbrand.com/velzon/html/modern/ui-dropdowns.html]
[themesbrand.com/velzon/html/modern/ui-images.html]
[themesbrand.com/velzon/html/modern/ui-tabs.html]
[themesbrand.com/velzon/html/modern/ui-accordions.html]
[themesbrand.com/velzon/html/modern/ui-modals.html]
[themesbrand.com/velzon/html/modern/ui-offcanvas.html]
[themesbrand.com/velzon/html/modern/ui-placeholders.html]
[themesbrand.com/velzon/html/modern/ui-progress.html]
[themesbrand.com/velzon/html/modern/ui-notifications.html]
[themesbrand.com/velzon/html/modern/ui-media.html]
[themesbrand.com/velzon/html/modern/ui-embed-video.html]
[themesbrand.com/velzon/html/modern/ui-typography.html]
[themesbrand.com/velzon/html/modern/ui-lists.html]
[themesbrand.com/velzon/html/modern/ui-links.html]
[themesbrand.com/velzon/html/modern/ui-general.html]
[themesbrand.com/velzon/html/modern/ui-ribbons.html]
[themesbrand.com/velzon/html/modern/ui-utilities.html]
[themesbrand.com/velzon/html/modern/advance-ui-sweetalerts.html]
[themesbrand.com/velzon/html/modern/advance-ui-nestable.html]
[themesbrand.com/velzon/html/modern/advance-ui-scrollbar.html]
[themesbrand.com/velzon/html/modern/advance-ui-animation.html]
[themesbrand.com/velzon/html/modern/advance-ui-tour.html]
[themesbrand.com/velzon/html/modern/advance-ui-swiper.html]
[themesbrand.com/velzon/html/modern/advance-ui-ratings.html]
[themesbrand.com/velzon/html/modern/advance-ui-highlight.html]
[themesbrand.com/velzon/html/modern/advance-ui-scrollspy.html]
[themesbrand.com/velzon/html/modern/widgets.html]
[themesbrand.com/velzon/html/modern/forms-elements.html]
[themesbrand.com/velzon/html/modern/forms-select.html]
[themesbrand.com/velzon/html/modern/forms-checkboxs-radios.html]
[themesbrand.com/velzon/html/modern/forms-pickers.html]
[themesbrand.com/velzon/html/modern/forms-masks.html]
[themesbrand.com/velzon/html/modern/forms-advanced.html]
[themesbrand.com/velzon/html/modern/forms-validation.html]
[themesbrand.com/velzon/html/modern/forms-wizard.html]
[themesbrand.com/velzon/html/modern/forms-file-uploads.html]
[themesbrand.com/velzon/html/modern/forms-layouts.html]
[themesbrand.com/velzon/html/modern/forms-select2.html]
[themesbrand.com/velzon/html/modern/tables-basic.html]
[themesbrand.com/velzon/html/modern/tables-gridjs.html]
[themesbrand.com/velzon/html/modern/tables-listjs.html]
[themesbrand.com/velzon/html/modern/tables-datatables.html]
[themesbrand.com/velzon/html/modern/charts-apex-line.html]
[themesbrand.com/velzon/html/modern/charts-apex-area.html]
[themesbrand.com/velzon/html/modern/charts-apex-column.html]
[themesbrand.com/velzon/html/modern/charts-apex-bar.html]
[themesbrand.com/velzon/html/modern/charts-apex-mixed.html]
[themesbrand.com/velzon/html/modern/charts-apex-timeline.html]
[themesbrand.com/velzon/html/modern/charts-apex-range-area.html]
[themesbrand.com/velzon/html/modern/charts-apex-funnel.html]
[themesbrand.com/velzon/html/modern/charts-apex-boxplot.html]
[themesbrand.com/velzon/html/modern/charts-apex-candlestick.html]
[themesbrand.com/velzon/html/modern/charts-apex-bubble.html]
[themesbrand.com/velzon/html/modern/charts-apex-scatter.html]
[themesbrand.com/velzon/html/modern/charts-apex-heatmap.html]
[themesbrand.com/velzon/html/modern/charts-apex-treemap.html]
[themesbrand.com/velzon/html/modern/charts-apex-pie.html]
[themesbrand.com/velzon/html/modern/charts-apex-radialbar.html]
[themesbrand.com/velzon/html/modern/charts-apex-radar.html]
[themesbrand.com/velzon/html/modern/charts-apex-polar.html]
[themesbrand.com/velzon/html/modern/charts-apex-slope.html]
[themesbrand.com/velzon/html/modern/charts-chartjs.html]
[themesbrand.com/velzon/html/modern/charts-echarts.html]
[themesbrand.com/velzon/html/modern/icons-remix.html]
[themesbrand.com/velzon/html/modern/icons-materialdesign.html]
[themesbrand.com/velzon/html/modern/icons-lineawesome.html]
[themesbrand.com/velzon/html/modern/icons-feather.html]
[themesbrand.com/velzon/html/modern/icons-crypto.html]
[themesbrand.com/velzon/html/modern/maps-vector.html]
[themesbrand.com/velzon/html/modern/maps-leaflet.html]
[themesbrand.com/velzon/html/modern/assets/images/products/img-4.png]
[themesbrand.com/velzon/html/modern/assets/images/companies/img-1.png]
[themesbrand.com/velzon/html/modern/assets/images/companies/img-2.png]
[themesbrand.com/velzon/html/modern/assets/images/companies/img-3.png]
[themesbrand.com/velzon/html/modern/assets/images/companies/img-8.png]
[themesbrand.com/velzon/html/modern/assets/images/companies/img-5.png]
[themesbrand.com/velzon/html/modern/assets/images/users/avatar-4.jpg]
[themesbrand.com/velzon/html/modern/assets/images/products/img-8.png]
[themesbrand.com/velzon/html/modern/assets/images/products/img-10.png]
[themesbrand.com/velzon/html/modern/assets/images/giftbox.png]
[themesbrand.com/velzon/html/modern/assets/images/sidebar/img-1.jpg]
[themesbrand.com/velzon/html/modern/assets/images/sidebar/img-2.jpg]
[themesbrand.com/velzon/html/modern/assets/images/sidebar/img-3.jpg]
[themesbrand.com/velzon/html/modern/assets/images/sidebar/img-4.jpg]
[themesbrand.com/velzon/html/modern/assets/libs/bootstrap/js/bootstrap.bundle.min.js]
[themesbrand.com/velzon/html/modern/assets/libs/simplebar/simplebar.min.js]
[themesbrand.com/velzon/html/modern/assets/libs/feather-icons/feather.min.js]
[themesbrand.com/velzon/html/modern/assets/js/pages/plugins/lord-icon-2.1.0.js]
[themesbrand.com/velzon/html/modern/assets/js/plugins.js]
[themesbrand.com/velzon/html/modern/assets/libs/apexcharts/apexcharts.min.js]
[themesbrand.com/velzon/html/modern/assets/libs/jsvectormap/jsvectormap.min.js]
[themesbrand.com/velzon/html/modern/assets/libs/jsvectormap/maps/world-merc.js]
[themesbrand.com/velzon/html/modern/assets/libs/swiper/swiper-bundle.min.js]
[themesbrand.com/velzon/html/modern/assets/js/pages/dashboard-ecommerce.init.js]
[themesbrand.com/velzon/html/modern/index.html]
[themesbrand.com/velzon/html/modern/assets/libs/jsvectormap/jsvectormap.min.css]
[themesbrand.com/velzon/html/modern/assets/libs/swiper/swiper-bundle.min.css]
[themesbrand.com/velzon/html/modern/assets/css/bootstrap.min.css]
[themesbrand.com/velzon/html/modern/assets/js/app.js]
[themesbrand.com/velzon/html/modern/assets/images/favicon.ico]
[themesbrand.com/velzon/html/modern/assets/fonts/materialdesignicons-webfont9445.eot]
[themesbrand.com/velzon/html/modern/assets/fonts/materialdesignicons-webfontd41d.eot]
[themesbrand.com/velzon/html/modern/assets/fonts/materialdesignicons-webfont9445.woff2]
[themesbrand.com/velzon/html/modern/assets/fonts/materialdesignicons-webfont9445.woff]
[themesbrand.com/velzon/html/modern/assets/fonts/materialdesignicons-webfont9445.ttf]
[themesbrand.com/velzon/html/modern/assets/fonts/boxicons.woff2]
[themesbrand.com/velzon/html/modern/assets/fonts/boxicons.woff]
[themesbrand.com/velzon/html/modern/assets/fonts/boxicons.ttf]
[themesbrand.com/velzon/html/modern/assets/fonts/la-brands-400.eot]
[themesbrand.com/velzon/html/modern/assets/fonts/la-brands-400d41d.eot]
[themesbrand.com/velzon/html/modern/assets/fonts/la-brands-400.woff2]
[themesbrand.com/velzon/html/modern/assets/fonts/la-brands-400.woff]
[themesbrand.com/velzon/html/modern/assets/fonts/la-brands-400.ttf]
[themesbrand.com/velzon/html/modern/assets/fonts/la-regular-400.eot]
[themesbrand.com/velzon/html/modern/assets/fonts/la-regular-400d41d.eot]
[themesbrand.com/velzon/html/modern/assets/fonts/la-regular-400.woff2]
[themesbrand.com/velzon/html/modern/assets/fonts/la-regular-400.woff]
[themesbrand.com/velzon/html/modern/assets/fonts/la-regular-400.ttf]
[themesbrand.com/velzon/html/modern/assets/fonts/la-solid-900.eot]
[themesbrand.com/velzon/html/modern/assets/fonts/la-solid-900d41d.eot]
[themesbrand.com/velzon/html/modern/assets/fonts/la-solid-900.woff2]
[themesbrand.com/velzon/html/modern/assets/fonts/la-solid-900.woff]
[themesbrand.com/velzon/html/modern/assets/fonts/la-solid-900.ttf]
[themesbrand.com/velzon/html/modern/assets/fonts/remixicon0c93.eot]
[themesbrand.com/velzon/html/modern/assets/fonts/remixicon0c93.woff2]
[themesbrand.com/velzon/html/modern/assets/fonts/remixicon0c93.woff]
[themesbrand.com/velzon/html/modern/assets/fonts/remixicon0c93.ttf]
[themesbrand.com/velzon/html/modern/assets/css/icons.min.css]
[themesbrand.com/velzon/html/modern/assets/css/app.min.css]
[themesbrand.com/velzon/html/modern/assets/css/custom.min.css]
[themesbrand.com/velzon/html/modern/assets/libs/glightbox/css/glightbox.min.css]
[themesbrand.com/velzon/html/modern/assets/images/small/img-1.jpg]
[themesbrand.com/velzon/html/modern/assets/images/small/img-3.jpg]
[themesbrand.com/velzon/html/modern/assets/images/small/img-4.jpg]
[themesbrand.com/velzon/html/modern/assets/images/small/img-5.jpg]
[themesbrand.com/velzon/html/modern/assets/images/small/img-12.jpg]
[themesbrand.com/velzon/html/modern/assets/images/small/img-11.jpg]
[themesbrand.com/velzon/html/modern/assets/images/small/img-10.jpg]
[themesbrand.com/velzon/html/modern/assets/images/small/img-9.jpg]
[themesbrand.com/velzon/html/modern/assets/images/small/img-8.jpg]
[themesbrand.com/velzon/html/modern/assets/images/small/img-7.jpg]
[themesbrand.com/velzon/html/modern/assets/images/small/img-6.jpg]
[themesbrand.com/velzon/html/modern/assets/images/small/img-2.jpg]
[themesbrand.com/velzon/html/modern/assets/libs/glightbox/js/glightbox.min.js]
[themesbrand.com/velzon/html/modern/assets/js/pages/search-result.init.js]
[themesbrand.com/velzon/html/modern/pages-search-results.html]
[themesbrand.com/velzon/html/modern/assets/images/flags/us.svg]
[themesbrand.com/velzon/html/modern/assets/images/flags/spain.svg]
[themesbrand.com/velzon/html/modern/assets/images/flags/germany.svg]
[themesbrand.com/velzon/html/modern/assets/images/flags/italy.svg]
[themesbrand.com/velzon/html/modern/assets/images/flags/russia.svg]
[themesbrand.com/velzon/html/modern/assets/images/flags/china.svg]
[themesbrand.com/velzon/html/modern/assets/images/flags/french.svg]
[themesbrand.com/velzon/html/modern/assets/images/flags/ae.svg]
[themesbrand.com/velzon/html/modern/assets/libs/nouislider/nouislider.min.css]
[themesbrand.com/velzon/html/modern/assets/libs/gridjs/theme/mermaid.min.css]
[themesbrand.com/velzon/html/modern/assets/libs/nouislider/nouislider.min.js]
[themesbrand.com/velzon/html/modern/assets/libs/wnumb/wNumb.min.js]
[themesbrand.com/velzon/html/modern/assets/libs/gridjs/gridjs.umd.js]
[themesbrand.com/velzon/html/modern/apps-ecommerce-products.html]
[themesbrand.com/velzon/html/modern/assets/js/pages/ecommerce-product-list.init.js]
[themesbrand.com/velzon/html/modern/assets/js/pages/ecommerce-product-details.init.js]
[themesbrand.com/velzon/html/modern/apps-ecommerce-product-details.html]
[themesbrand.com/velzon/html/modern/assets/js/pages/ecommerce-product-checkout.init.js]
[themesbrand.com/velzon/html/modern/apps-ecommerce-checkout.html]
[themesbrand.com/velzon/html/modern/assets/images/users/avatar-8.jpg]
[themesbrand.com/velzon/html/modern/assets/images/profile-bg.jpg]
[themesbrand.com/velzon/html/modern/assets/images/users/avatar-7.jpg]
[themesbrand.com/velzon/html/modern/assets/js/pages/profile.init.js]
[themesbrand.com/velzon/html/modern/pages-profile.html]
[themesbrand.com/velzon/html/modern/assets/libs/fg-emoji-picker/fgEmojiPicker.js]
[themesbrand.com/velzon/html/modern/apps-chat.html]
[themesbrand.com/velzon/html/modern/assets/js/pages/chat.init.js]
[themesbrand.com/velzon/html/modern/assets/libs/dragula/dragula.min.css]
[themesbrand.com/velzon/html/modern/assets/images/users/avatar-10.jpg]
[themesbrand.com/velzon/html/modern/assets/images/users/avatar-9.jpg]
[themesbrand.com/velzon/html/modern/assets/libs/dragula/dragula.min.js]
[themesbrand.com/velzon/html/modern/assets/libs/dom-autoscroller/dom-autoscroller.min.js]
[themesbrand.com/velzon/html/modern/assets/js/pages/tasks-kanban.init.js]
[themesbrand.com/velzon/html/modern/apps-tasks-kanban.html]
[themesbrand.com/velzon/html/modern/assets/images/faq-img.png]
[themesbrand.com/velzon/html/modern/pages-faqs.html]
[themesbrand.com/velzon/html/modern/pages-profile-settings.html]
[themesbrand.com/velzon/html/modern/assets/libs/particles.js/particles.js]
[themesbrand.com/velzon/html/modern/assets/js/pages/particles.app.js]
[themesbrand.com/velzon/html/modern/auth-lockscreen-basic.html]
[themesbrand.com/velzon/html/modern/auth-logout-basic.html]
[themesbrand.com/velzon/html/modern/assets/images/user-illustarator-2.png]
[themesbrand.com/velzon/html/modern/assets/images/illustrator-1.png]
[themesbrand.com/velzon/html/modern/dashboard-analytics.html]
[themesbrand.com/velzon/html/modern/assets/js/pages/dashboard-analytics.init.js]
[themesbrand.com/velzon/html/modern/assets/js/pages/dashboard-crm.init.js]
[themesbrand.com/velzon/html/modern/dashboard-crm.html]
[themesbrand.com/velzon/html/modern/dashboard-crypto.html]
[themesbrand.com/velzon/html/modern/assets/js/pages/dashboard-crypto.init.js]
[themesbrand.com/velzon/html/modern/assets/js/pages/dashboard-projects.init.js]
[themesbrand.com/velzon/html/modern/dashboard-projects.html]
[themesbrand.com/velzon/html/modern/assets/images/bg-d.png]
[img.themesbrand.com/velzon/images/img-2.gif]
[themesbrand.com/velzon/html/modern/assets/images/nft/img-01.jpg]
[themesbrand.com/velzon/html/modern/assets/images/nft/img-04.jpg]
[themesbrand.com/velzon/html/modern/assets/images/nft/img-06.jpg]
[themesbrand.com/velzon/html/modern/assets/images/nft/img-03.jpg]
[themesbrand.com/velzon/html/modern/assets/images/nft/img-05.jpg]
[img.themesbrand.com/velzon/images/img-3.gif]
[img.themesbrand.com/velzon/images/img-1.gif]
[img.themesbrand.com/velzon/images/img-4.gif]
[themesbrand.com/velzon/html/modern/assets/images/nft/img-02.jpg]
[img.themesbrand.com/velzon/images/img-5.gif]
[themesbrand.com/velzon/html/modern/assets/js/pages/coming-soon.init.js]
[themesbrand.com/velzon/html/modern/dashboard-nft.html]
[themesbrand.com/velzon/html/modern/assets/js/pages/dashboard-nft.init.js]
[themesbrand.com/velzon/html/modern/assets/images/companies/img-4.png]
[themesbrand.com/velzon/html/modern/dashboard-job.html]
[themesbrand.com/velzon/html/modern/assets/js/pages/dashboard-job.init.js]
[themesbrand.com/velzon/html/modern/assets/images/blog/img-2.jpg]
[themesbrand.com/velzon/html/modern/assets/images/blog/img-3.jpg]
[themesbrand.com/velzon/html/modern/assets/images/blog/img-4.jpg]
[themesbrand.com/velzon/html/modern/assets/images/blog/img-5.jpg]
[themesbrand.com/velzon/html/modern/assets/images/blog/img-6.jpg]
[themesbrand.com/velzon/html/modern/assets/js/pages/dashboard-blog.init.js]
[themesbrand.com/velzon/html/modern/dashboard-blog.html]
[themesbrand.com/velzon/html/modern/assets/libs/fullcalendar/index.global.min.js]
[themesbrand.com/velzon/html/modern/apps-calendar.html]
[themesbrand.com/velzon/html/modern/assets/js/pages/calendar.init.js]
[themesbrand.com/velzon/html/modern/apps-calendar-month-grid.html]
[themesbrand.com/velzon/html/modern/assets/js/pages/calendar-month-grid.init.js]
[themesbrand.com/velzon/html/modern/apps-mailbox.html]
[themesbrand.com/velzon/html/modern/apps-email-basic.html]
[themesbrand.com/velzon/html/modern/assets/js/pages/mailbox.init.js]
[themesbrand.com/velzon/html/modern/apps-email-ecommerce.html]
[themesbrand.com/velzon/html/modern/assets/libs/dropzone/dropzone.css]
[themesbrand.com/velzon/html/modern/assets/libs/dropzone/dropzone-min.js]
[themesbrand.com/velzon/html/modern/assets/libs/@ckeditor/ckeditor5-build-classic/build/ckeditor.js]
[themesbrand.com/velzon/html/modern/assets/js/pages/ecommerce-product-create.init.js]
[themesbrand.com/velzon/html/modern/apps-ecommerce-add-product.html]
[themesbrand.com/velzon/html/modern/assets/libs/sweetalert2/sweetalert2.min.css]
[themesbrand.com/velzon/html/modern/assets/libs/list.js/list.min.js]
[themesbrand.com/velzon/html/modern/assets/libs/list.pagination.js/list.pagination.min.js]
[themesbrand.com/velzon/html/modern/assets/js/pages/ecommerce-order.init.js]
[themesbrand.com/velzon/html/modern/apps-ecommerce-orders.html]
[themesbrand.com/velzon/html/modern/apps-ecommerce-order-details.html]
[themesbrand.com/velzon/html/modern/assets/libs/sweetalert2/sweetalert2.min.js]
[themesbrand.com/velzon/html/modern/apps-ecommerce-customers.html]
[themesbrand.com/velzon/html/modern/assets/js/pages/ecommerce-customer-list.init.js]
[themesbrand.com/velzon/html/modern/assets/js/pages/form-input-spin.init.js]
[themesbrand.com/velzon/html/modern/assets/js/pages/ecommerce-cart.init.js]
[themesbrand.com/velzon/html/modern/apps-ecommerce-cart.html]
[themesbrand.com/velzon/html/modern/apps-ecommerce-sellers.html]
[themesbrand.com/velzon/html/modern/assets/js/pages/sellers.init.js]
[themesbrand.com/velzon/html/modern/apps-ecommerce-seller-details.html]
[themesbrand.com/velzon/html/modern/assets/js/pages/seller-details.init.js]
[themesbrand.com/velzon/html/modern/assets/js/pages/project-list.init.js]
[themesbrand.com/velzon/html/modern/apps-projects-list.html]
[themesbrand.com/velzon/html/modern/assets/js/pages/project-overview.init.js]
[themesbrand.com/velzon/html/modern/apps-projects-overview.html]
[themesbrand.com/velzon/html/modern/apps-tasks-list-view.html]
[themesbrand.com/velzon/html/modern/assets/js/pages/tasks-list.init.js]
[themesbrand.com/velzon/html/modern/apps-tasks-details.html]
[themesbrand.com/velzon/html/modern/apps-projects-create.html]
[themesbrand.com/velzon/html/modern/assets/images/users/user-dummy-img.jpg]
[themesbrand.com/velzon/html/modern/apps-crm-contacts.html]
[themesbrand.com/velzon/html/modern/assets/js/pages/crm-contact.init.js]
[themesbrand.com/velzon/html/modern/assets/images/users/multi-user.jpg]
[themesbrand.com/velzon/html/modern/apps-crm-companies.html]
[themesbrand.com/velzon/html/modern/assets/js/pages/crm-companies.init.js]
[themesbrand.com/velzon/html/modern/assets/images/companies/img-6.png]
[themesbrand.com/velzon/html/modern/assets/libs/cleave.js/cleave.min.js]
[themesbrand.com/velzon/html/modern/assets/js/pages/crm-deals.init.js]
[themesbrand.com/velzon/html/modern/apps-crm-deals.html]
[themesbrand.com/velzon/html/modern/apps-crm-leads.html]
[themesbrand.com/velzon/html/modern/assets/js/pages/crm-leads.init.js]
[themesbrand.com/velzon/html/modern/assets/js/pages/crypto-transactions.init.js]
[themesbrand.com/velzon/html/modern/apps-crypto-transactions.html]
[themesbrand.com/velzon/html/modern/apps-crypto-buy-sell.html]
[themesbrand.com/velzon/html/modern/assets/js/pages/crypto-buy-sell.init.js]
[themesbrand.com/velzon/html/modern/assets/js/pages/crypto-orders.init.js]
[themesbrand.com/velzon/html/modern/apps-crypto-orders.html]
[themesbrand.com/velzon/html/modern/apps-crypto-wallet.html]
[themesbrand.com/velzon/html/modern/assets/js/pages/crypto-wallet.init.js]
[themesbrand.com/velzon/html/modern/apps-crypto-ico.html]
[themesbrand.com/velzon/html/modern/assets/images/verification-img.png]
[themesbrand.com/velzon/html/modern/assets/js/pages/crypto-kyc.init.js]
[themesbrand.com/velzon/html/modern/apps-crypto-kyc.html]
[themesbrand.com/velzon/html/modern/apps-invoices-list.html]
[themesbrand.com/velzon/html/modern/assets/js/pages/invoiceslist.init.js]
[themesbrand.com/velzon/html/modern/assets/js/pages/invoicedetails.js]
[themesbrand.com/velzon/html/modern/apps-invoices-details.html]
[themesbrand.com/velzon/html/modern/apps-invoices-create.html]
[themesbrand.com/velzon/html/modern/assets/js/pages/invoicecreate.init.js]
[themesbrand.com/velzon/html/modern/apps-tickets-list.html]
[themesbrand.com/velzon/html/modern/assets/js/pages/ticketlist.init.js]
[themesbrand.com/velzon/html/modern/assets/js/pages/ticketdetail.init.js]
[themesbrand.com/velzon/html/modern/apps-tickets-details.html]
[themesbrand.com/velzon/html/modern/assets/images/nft/bg-pattern.png]
[themesbrand.com/velzon/html/modern/apps-nft-marketplace.html]
[themesbrand.com/velzon/html/modern/apps-nft-explore.html]
[themesbrand.com/velzon/html/modern/assets/js/pages/apps-nft-explore.init.js]
[themesbrand.com/velzon/html/modern/assets/js/pages/apps-nft-auction.init.js]
[themesbrand.com/velzon/html/modern/apps-nft-auction.html]
[themesbrand.com/velzon/html/modern/assets/js/pages/apps-nft-item-details.init.js]
[themesbrand.com/velzon/html/modern/apps-nft-item-details.html]
[themesbrand.com/velzon/html/modern/apps-nft-collections.html]
[themesbrand.com/velzon/html/modern/apps-nft-creators.html]
[themesbrand.com/velzon/html/modern/assets/js/pages/apps-nft-ranking.init.js]
[themesbrand.com/velzon/html/modern/apps-nft-ranking.html]
[themesbrand.com/velzon/html/modern/assets/images/nft/wallet/metamask.png]
[themesbrand.com/velzon/html/modern/assets/images/nft/wallet/coinbase.png]
[themesbrand.com/velzon/html/modern/assets/images/nft/wallet/kukai.png]
[themesbrand.com/velzon/html/modern/assets/images/nft/wallet/binance.png]
[themesbrand.com/velzon/html/modern/assets/images/nft/wallet/enjin.png]
[themesbrand.com/velzon/html/modern/assets/images/nft/wallet/alpha.png]
[themesbrand.com/velzon/html/modern/assets/images/nft/wallet/math.png]
[themesbrand.com/velzon/html/modern/apps-nft-wallet.html]
[themesbrand.com/velzon/html/modern/assets/libs/filepond/filepond.min.css]
[themesbrand.com/velzon/html/modern/assets/libs/filepond-plugin-image-preview/filepond-plugin-image-preview.min.css]
[themesbrand.com/velzon/html/modern/assets/libs/filepond-plugin-image-preview/filepond-plugin-image-preview.min.js]
[themesbrand.com/velzon/html/modern/assets/libs/filepond/filepond.min.js]
[themesbrand.com/velzon/html/modern/assets/libs/filepond-plugin-file-validate-size/filepond-plugin-file-validate-size.min.js]
[themesbrand.com/velzon/html/modern/assets/libs/filepond-plugin-image-exif-orientation/filepond-plugin-image-exif-orientation.min.js]
[themesbrand.com/velzon/html/modern/assets/libs/filepond-plugin-file-encode/filepond-plugin-file-encode.min.js]
[themesbrand.com/velzon/html/modern/assets/js/pages/apps-nft-create.init.js]
[themesbrand.com/velzon/html/modern/apps-nft-create.html]
[themesbrand.com/velzon/html/modern/apps-file-manager.html]
[themesbrand.com/velzon/html/modern/assets/js/pages/file-manager.init.js]
[themesbrand.com/velzon/html/modern/assets/images/task.png]
[themesbrand.com/velzon/html/modern/apps-todo.html]
[themesbrand.com/velzon/html/modern/assets/js/pages/todo.init.js]
[themesbrand.com/velzon/html/modern/assets/js/pages/job-statistics.init.js]
[themesbrand.com/velzon/html/modern/apps-job-statistics.html]
[themesbrand.com/velzon/html/modern/assets/images/companies/img-7.png]
[themesbrand.com/velzon/html/modern/apps-job-lists.html]
[themesbrand.com/velzon/html/modern/assets/js/pages/job-list.init.js]
[themesbrand.com/velzon/html/modern/apps-job-grid-lists.html]
[themesbrand.com/velzon/html/modern/apps-job-details.html]
[themesbrand.com/velzon/html/modern/assets/js/pages/job-grid-list.init.js]
[themesbrand.com/velzon/html/modern/assets/js/pages/job-candidate-lists.init.js]
[themesbrand.com/velzon/html/modern/apps-job-candidate-lists.html]
[themesbrand.com/velzon/html/modern/assets/js/pages/job-candidate-grid.init.js]
[themesbrand.com/velzon/html/modern/apps-job-candidate-grid.html]
[themesbrand.com/velzon/html/modern/apps-job-application.html]
[themesbrand.com/velzon/html/modern/apps-job-new.html]
[themesbrand.com/velzon/html/modern/assets/js/pages/job-application.init.js]
[themesbrand.com/velzon/html/modern/apps-job-companies-lists.html]
[themesbrand.com/velzon/html/modern/assets/js/pages/job-companies-lists.init.js]
[themesbrand.com/velzon/html/modern/apps-job-categories.html]
[themesbrand.com/velzon/html/modern/apps-api-key.html]
[themesbrand.com/velzon/html/modern/assets/js/pages/api-key.init.js]
[themesbrand.com/velzon/html/modern/layouts-horizontal.html]
[themesbrand.com/velzon/html/modern/layouts-detached.html]
[themesbrand.com/velzon/html/modern/layouts-two-column.html]
[themesbrand.com/velzon/html/modern/layouts-vertical-hovered.html]
[themesbrand.com/velzon/html/modern/assets/js/pages/password-addon.init.js]
[themesbrand.com/velzon/html/modern/auth-signin-basic.html]
[themesbrand.com/velzon/html/modern/auth-signin-cover.html]
[themesbrand.com/velzon/html/modern/assets/js/pages/form-validation.init.js]
[themesbrand.com/velzon/html/modern/assets/js/pages/passowrd-create.init.js]
[themesbrand.com/velzon/html/modern/auth-signup-basic.html]
[themesbrand.com/velzon/html/modern/auth-signup-cover.html]
[themesbrand.com/velzon/html/modern/auth-pass-reset-basic.html]
[themesbrand.com/velzon/html/modern/auth-pass-reset-cover.html]
[themesbrand.com/velzon/html/modern/auth-pass-change-basic.html]
[themesbrand.com/velzon/html/modern/auth-pass-change-cover.html]
[themesbrand.com/velzon/html/modern/auth-lockscreen-cover.html]
[themesbrand.com/velzon/html/modern/auth-logout-cover.html]
[themesbrand.com/velzon/html/modern/auth-success-msg-basic.html]
[themesbrand.com/velzon/html/modern/auth-success-msg-cover.html]
[themesbrand.com/velzon/html/modern/assets/js/pages/two-step-verification.init.js]
[themesbrand.com/velzon/html/modern/auth-twostep-basic.html]
[themesbrand.com/velzon/html/modern/auth-twostep-cover.html]
[themesbrand.com/velzon/html/modern/auth-404-basic.html]
[themesbrand.com/velzon/html/modern/assets/images/error400-cover.png]
[themesbrand.com/velzon/html/modern/auth-404-cover.html]
[themesbrand.com/velzon/html/modern/auth-404-alt.html]
[themesbrand.com/velzon/html/modern/assets/images/error500.png]
[themesbrand.com/velzon/html/modern/auth-500.html]
[img.themesbrand.com/velzon/images/auth-offline.gif]
[themesbrand.com/velzon/html/modern/auth-offline.html]
[themesbrand.com/velzon/html/modern/pages-starter.html]
[themesbrand.com/velzon/html/modern/pages-team.html]
[themesbrand.com/velzon/html/modern/assets/js/pages/team.init.js]
[themesbrand.com/velzon/html/modern/assets/js/pages/timeline.init.js]
[themesbrand.com/velzon/html/modern/pages-timeline.html]
[themesbrand.com/velzon/html/modern/assets/js/pages/pricing.init.js]
[themesbrand.com/velzon/html/modern/pages-pricing.html]
[themesbrand.com/velzon/html/modern/pages-gallery.html]
[themesbrand.com/velzon/html/modern/assets/images/maintenance.png]
[themesbrand.com/velzon/html/modern/pages-maintenance.html]
[themesbrand.com/velzon/html/modern/assets/images/comingsoon.png]
[themesbrand.com/velzon/html/modern/pages-coming-soon.html]
[themesbrand.com/velzon/html/modern/pages-sitemap.html]
[themesbrand.com/velzon/html/modern/pages-privacy-policy.html]
[themesbrand.com/velzon/html/modern/pages-term-conditions.html]
[themesbrand.com/velzon/html/modern/assets/images/blog/img-1.jpg]
[themesbrand.com/velzon/html/modern/pages-blog-list.html]
[themesbrand.com/velzon/html/modern/pages-blog-grid.html]
[themesbrand.com/velzon/html/modern/assets/images/blog/overview.jpg]
[themesbrand.com/velzon/html/modern/pages-blog-overview.html]
[themesbrand.com/velzon/html/modern/assets/images/landing/img-pattern.png]
[themesbrand.com/velzon/html/modern/assets/images/demos/default.png]
[themesbrand.com/velzon/html/modern/assets/images/demos/saas.png]
[themesbrand.com/velzon/html/modern/assets/images/demos/material.png]
[themesbrand.com/velzon/html/modern/assets/images/demos/minimal.png]
[themesbrand.com/velzon/html/modern/assets/images/demos/creative.png]
[themesbrand.com/velzon/html/modern/assets/images/demos/modern.png]
[themesbrand.com/velzon/html/modern/assets/images/demos/interactive.png]
[themesbrand.com/velzon/html/modern/assets/images/landing/features/img-1.png]
[themesbrand.com/velzon/html/modern/assets/images/landing/features/img-2.png]
[themesbrand.com/velzon/html/modern/assets/images/landing/features/img-3.png]
[themesbrand.com/velzon/html/modern/assets/images/landing/process-arrow-img.png]
[themesbrand.com/velzon/html/modern/assets/js/pages/landing.init.js]
[themesbrand.com/velzon/html/modern/landing.html]
[themesbrand.com/velzon/html/modern/assets/images/nft/wallet.png]
[themesbrand.com/velzon/html/modern/assets/images/nft/money.png]
[themesbrand.com/velzon/html/modern/assets/images/nft/add.png]
[themesbrand.com/velzon/html/modern/assets/images/nft/sell.png]
[themesbrand.com/velzon/html/modern/assets/js/pages/nft-landing.init.js]
[themesbrand.com/velzon/html/modern/nft-landing.html]
[themesbrand.com/velzon/html/modern/assets/images/job-profile2.png]
[themesbrand.com/velzon/html/modern/assets/images/about.jpg]
[themesbrand.com/velzon/html/modern/assets/images/companies/img-9.png]
[themesbrand.com/velzon/html/modern/assets/js/pages/job-lading.init.js]
[themesbrand.com/velzon/html/modern/job-landing.html]
[themesbrand.com/velzon/html/modern/ui-alerts.html]
[themesbrand.com/velzon/html/modern/ui-badges.html]
[themesbrand.com/velzon/html/modern/assets/libs/prismjs/prism.js]
[themesbrand.com/velzon/html/modern/ui-buttons.html]
[themesbrand.com/velzon/html/modern/ui-colors.html]
[themesbrand.com/velzon/html/modern/assets/libs/masonry-layout/masonry.pkgd.min.js]
[themesbrand.com/velzon/html/modern/ui-cards.html]
[themesbrand.com/velzon/html/modern/ui-carousel.html]
[themesbrand.com/velzon/html/modern/ui-dropdowns.html]
[themesbrand.com/velzon/html/modern/ui-grid.html]
[themesbrand.com/velzon/html/modern/ui-images.html]
[themesbrand.com/velzon/html/modern/ui-tabs.html]
[themesbrand.com/velzon/html/modern/ui-accordions.html]
[themesbrand.com/velzon/html/modern/assets/images/modals/success-payment.png]
[themesbrand.com/velzon/html/modern/assets/images/modals/login.png]
[themesbrand.com/velzon/html/modern/assets/images/modals/subscribe.png]
[themesbrand.com/velzon/html/modern/assets/images/auth-one-bg.jpg]
[themesbrand.com/velzon/html/modern/assets/images/modals/signup.png]
[cdn.lordicon.com/lordicon.js]
[themesbrand.com/velzon/html/modern/assets/js/pages/modal.init.js]
[themesbrand.com/velzon/html/modern/ui-modals.html]
[themesbrand.com/velzon/html/modern/ui-offcanvas.html]
[themesbrand.com/velzon/html/modern/ui-placeholders.html]
[themesbrand.com/velzon/html/modern/ui-progress.html]
[themesbrand.com/velzon/html/modern/assets/js/pages/notifications.init.js]
[themesbrand.com/velzon/html/modern/ui-notifications.html]
[themesbrand.com/velzon/html/modern/ui-media.html]
[themesbrand.com/velzon/html/modern/ui-embed-video.html]
[themesbrand.com/velzon/html/modern/ui-typography.html]
[themesbrand.com/velzon/html/modern/ui-lists.html]
[themesbrand.com/velzon/html/modern/ui-links.html]
[themesbrand.com/velzon/html/modern/ui-general.html]
[themesbrand.com/velzon/html/modern/ui-ribbons.html]
[themesbrand.com/velzon/html/modern/ui-utilities.html]
[themesbrand.com/velzon/html/modern/assets/images/sweetalert2/success-message.png]
[themesbrand.com/velzon/html/modern/assets/images/sweetalert2/error-message.png]
[themesbrand.com/velzon/html/modern/assets/images/sweetalert2/warning-message.png]
[themesbrand.com/velzon/html/modern/assets/images/sweetalert2/join-community.png]
[themesbrand.com/velzon/html/modern/assets/images/sweetalert2/email-verify.png]
[themesbrand.com/velzon/html/modern/assets/images/sweetalert2/notification-message.png]
[themesbrand.com/velzon/html/modern/advance-ui-sweetalerts.html]
[themesbrand.com/velzon/html/modern/assets/js/pages/sweetalerts.init.js]
[themesbrand.com/velzon/html/modern/assets/libs/sortablejs/Sortable.min.js]
[themesbrand.com/velzon/html/modern/assets/js/pages/nestable.init.js]
[themesbrand.com/velzon/html/modern/advance-ui-nestable.html]
[themesbrand.com/velzon/html/modern/advance-ui-scrollbar.html]
[themesbrand.com/velzon/html/modern/assets/libs/aos/aos.css]
[themesbrand.com/velzon/html/modern/assets/images/mac-img.png]
[themesbrand.com/velzon/html/modern/assets/libs/aos/aos.js]
[themesbrand.com/velzon/html/modern/assets/js/pages/animation-aos.init.js]
[themesbrand.com/velzon/html/modern/advance-ui-animation.html]
[themesbrand.com/velzon/html/modern/assets/libs/shepherd.js/css/shepherd.css]
[themesbrand.com/velzon/html/modern/assets/libs/shepherd.js/js/shepherd.min.js]
[themesbrand.com/velzon/html/modern/assets/js/pages/tour.init.js]
[themesbrand.com/velzon/html/modern/advance-ui-tour.html]
[themesbrand.com/velzon/html/modern/assets/js/pages/swiper.init.js]
[themesbrand.com/velzon/html/modern/advance-ui-swiper.html]
[themesbrand.com/velzon/html/modern/assets/libs/rater-js/index.js]
[themesbrand.com/velzon/html/modern/assets/js/pages/rating.init.js]
[themesbrand.com/velzon/html/modern/advance-ui-ratings.html]
[themesbrand.com/velzon/html/modern/advance-ui-highlight.html]
[themesbrand.com/velzon/html/modern/advance-ui-scrollspy.html]
[themesbrand.com/velzon/html/modern/assets/images/user-illustarator-1.png]
[themesbrand.com/velzon/html/modern/assets/js/maps/us-merc-en.js]
[themesbrand.com/velzon/html/modern/widgets.html]
[themesbrand.com/velzon/html/modern/assets/libs/card/card.js]
[themesbrand.com/velzon/html/modern/assets/js/pages/widgets.init.js]
[themesbrand.com/velzon/html/modern/forms-elements.html]
[themesbrand.com/velzon/html/modern/forms-select.html]
[themesbrand.com/velzon/html/modern/forms-checkboxs-radios.html]
[themesbrand.com/velzon/html/modern/assets/libs/@simonwep/pickr/themes/classic.min.css]
[themesbrand.com/velzon/html/modern/assets/libs/@simonwep/pickr/themes/monolith.min.css]
[themesbrand.com/velzon/html/modern/assets/libs/@simonwep/pickr/themes/nano.min.css]
[themesbrand.com/velzon/html/modern/assets/libs/@simonwep/pickr/pickr.min.js]
[themesbrand.com/velzon/html/modern/assets/js/pages/form-pickers.init.js]
[themesbrand.com/velzon/html/modern/forms-pickers.html]
[themesbrand.com/velzon/html/modern/assets/js/pages/form-masks.init.js]
[themesbrand.com/velzon/html/modern/forms-masks.html]
[themesbrand.com/velzon/html/modern/assets/libs/multi.js/multi.min.css]
[themesbrand.com/velzon/html/modern/assets/libs/@tarekraafat/autocomplete.js/css/autoComplete.css]
[themesbrand.com/velzon/html/modern/assets/libs/multi.js/multi.min.js]
[themesbrand.com/velzon/html/modern/assets/js/pages/form-advanced.init.js]
[themesbrand.com/velzon/html/modern/assets/js/pages/flag-input.init.js]
[themesbrand.com/velzon/html/modern/forms-advanced.html]
[themesbrand.com/velzon/html/modern/forms-validation.html]
[themesbrand.com/velzon/html/modern/forms-range-sliders.html]
[themesbrand.com/velzon/html/modern/assets/js/pages/form-wizard.init.js]
[themesbrand.com/velzon/html/modern/forms-wizard.html]
[themesbrand.com/velzon/html/modern/assets/images/new-document.png]
[themesbrand.com/velzon/html/modern/forms-editors.html]
[themesbrand.com/velzon/html/modern/assets/js/pages/form-file-upload.init.js]
[themesbrand.com/velzon/html/modern/forms-file-uploads.html]
[themesbrand.com/velzon/html/modern/forms-layouts.html]
[cdn.jsdelivr.net/npm/select2@4.1.0-rc.0/dist/css/select2.min.css]
[code.jquery.com/jquery-3.6.0.min.js]
[cdn.jsdelivr.net/npm/select2@4.1.0-rc.0/dist/js/select2.min.js]
[themesbrand.com/velzon/html/modern/assets/js/pages/select2.init.js]
[themesbrand.com/velzon/html/modern/forms-select2.html]
[themesbrand.com/velzon/html/modern/tables-basic.html]
[themesbrand.com/velzon/html/modern/assets/js/pages/gridjs.init.js]
[themesbrand.com/velzon/html/modern/tables-gridjs.html]
[themesbrand.com/velzon/html/modern/tables-listjs.html]
[themesbrand.com/velzon/html/modern/assets/js/pages/listjs.init.js]
[cdn.datatables.net/1.11.5/css/dataTables.bootstrap5.min.css]
[cdn.datatables.net/responsive/2.2.9/css/responsive.bootstrap.min.css]
[cdn.datatables.net/buttons/2.2.2/css/buttons.dataTables.min.css]
[cdn.datatables.net/1.11.5/js/jquery.dataTables.min.js]
[cdn.datatables.net/1.11.5/js/dataTables.bootstrap5.min.js]
[cdn.datatables.net/responsive/2.2.9/js/dataTables.responsive.min.js]
[cdn.datatables.net/buttons/2.2.2/js/dataTables.buttons.min.js]
[cdn.datatables.net/buttons/2.2.2/js/buttons.print.min.js]
[cdn.datatables.net/buttons/2.2.2/js/buttons.html5.min.js]
[cdnjs.cloudflare.com/ajax/libs/pdfmake/0.1.53/pdfmake.min.js]
[cdnjs.cloudflare.com/ajax/libs/jszip/3.1.3/jszip.min.js]
[cdnjs.cloudflare.com/ajax/libs/pdfmake/0.1.53/vfs_fonts.js]
[themesbrand.com/velzon/html/modern/assets/js/pages/datatables.init.js]
[themesbrand.com/velzon/html/modern/tables-datatables.html]
[themesbrand.com/velzon/html/modern/charts-apex-line.html]
[themesbrand.com/velzon/html/modern/assets/js/pages/apexcharts-line.init.js]
[img.themesbrand.com/velzon/apexchart-js/github-data.js]
[img.themesbrand.com/velzon/apexchart-js/irregular-data-series.js]
[themesbrand.com/velzon/html/modern/assets/libs/moment/moment.js]
[themesbrand.com/velzon/html/modern/charts-apex-area.html]
[cdnjs.cloudflare.com/ajax/libs/dayjs/1.11.0/dayjs.min.js]
[cdnjs.cloudflare.com/ajax/libs/dayjs/1.11.0/plugin/quarterOfYear.min.js]
[themesbrand.com/velzon/html/modern/charts-apex-column.html]
[themesbrand.com/velzon/html/modern/assets/js/pages/apexcharts-column.init.js]
[themesbrand.com/velzon/html/modern/assets/js/pages/apexcharts-area.init.js]
[themesbrand.com/velzon/html/modern/charts-apex-bar.html]
[themesbrand.com/velzon/html/modern/assets/js/pages/apexcharts-bar.init.js]
[themesbrand.com/velzon/html/modern/assets/js/pages/apexcharts-mixed.init.js]
[themesbrand.com/velzon/html/modern/charts-apex-mixed.html]
[themesbrand.com/velzon/html/modern/assets/libs/moment/min/moment.min.js]
[themesbrand.com/velzon/html/modern/charts-apex-timeline.html]
[themesbrand.com/velzon/html/modern/assets/js/pages/apexcharts-timeline.init.js]
[apexcharts.com/samples/assets/ohlc.js]
[img.themesbrand.com/velzon/apexchart-js/dayjs.min.js]
[themesbrand.com/velzon/html/modern/assets/js/pages/apexcharts-range-area.init.js]
[themesbrand.com/velzon/html/modern/charts-apex-range-area.html]
[themesbrand.com/velzon/html/modern/assets/js/pages/apexcharts-funnel.init.js]
[themesbrand.com/velzon/html/modern/charts-apex-funnel.html]
[themesbrand.com/velzon/html/modern/charts-apex-candlestick.html]
[themesbrand.com/velzon/html/modern/assets/js/pages/apexcharts-candlestick.init.js]
[themesbrand.com/velzon/html/modern/assets/js/pages/apexcharts-boxplot.init.js]
[themesbrand.com/velzon/html/modern/charts-apex-boxplot.html]
[themesbrand.com/velzon/html/modern/assets/js/pages/apexcharts-bubble.init.js]
[themesbrand.com/velzon/html/modern/charts-apex-bubble.html]
[themesbrand.com/velzon/html/modern/assets/js/pages/apexcharts-scatter.init.js]
[themesbrand.com/velzon/html/modern/charts-apex-scatter.html]
[themesbrand.com/velzon/html/modern/assets/js/pages/apexcharts-heatmap.init.js]
[themesbrand.com/velzon/html/modern/charts-apex-heatmap.html]
[themesbrand.com/velzon/html/modern/assets/js/pages/apexcharts-treemap.init.js]
[themesbrand.com/velzon/html/modern/charts-apex-treemap.html]
[themesbrand.com/velzon/html/modern/assets/js/pages/apexcharts-pie.init.js]
[themesbrand.com/velzon/html/modern/charts-apex-pie.html]
[themesbrand.com/velzon/html/modern/assets/js/pages/apexcharts-radialbar.init.js]
[themesbrand.com/velzon/html/modern/charts-apex-radialbar.html]
[themesbrand.com/velzon/html/modern/assets/js/pages/apexcharts-radar.init.js]
[themesbrand.com/velzon/html/modern/charts-apex-radar.html]
[themesbrand.com/velzon/html/modern/assets/js/pages/apexcharts-polararea.init.js]
[themesbrand.com/velzon/html/modern/charts-apex-polar.html]
[themesbrand.com/velzon/html/modern/assets/js/pages/apexcharts-slope.init.js]
[themesbrand.com/velzon/html/modern/charts-apex-slope.html]
[themesbrand.com/velzon/html/modern/assets/js/pages/chartjs.init.js]
[themesbrand.com/velzon/html/modern/charts-chartjs.html]
[themesbrand.com/velzon/html/modern/assets/libs/chart.js/chart.umd.js]
[themesbrand.com/velzon/html/modern/charts-echarts.html]
[themesbrand.com/velzon/html/modern/assets/js/pages/echarts.init.js]
[themesbrand.com/velzon/html/modern/assets/libs/echarts/echarts.min.js]
[themesbrand.com/velzon/html/modern/icons-remix.html]
[themesbrand.com/velzon/html/modern/icons-materialdesign.html]
[themesbrand.com/velzon/html/modern/assets/js/pages/remix-icons-listing.html]
[themesbrand.com/velzon/html/modern/icons-lineawesome.html]
[themesbrand.com/velzon/html/modern/icons-feather.html]
[themesbrand.com/velzon/html/modern/icons-crypto.html]
[themesbrand.com/velzon/html/modern/maps-vector.html]
[themesbrand.com/velzon/html/modern/maps-leaflet.html]
[themesbrand.com/velzon/html/modern/assets/fonts/boxiconsd41d.svg]
[themesbrand.com/velzon/html/modern/assets/fonts/la-brands-400.svg]
[themesbrand.com/velzon/html/modern/assets/fonts/la-regular-400.svg]
[themesbrand.com/velzon/html/modern/assets/fonts/la-solid-900.svg]
[themesbrand.com/velzon/html/modern/assets/fonts/remixicon0c93.svg]
[themesbrand.com/velzon/html/modern/assets/libs/glightbox/css/glightbox.min.css]
[themesbrand.com/velzon/html/modern/assets/libs/nouislider/nouislider.min.css]
[themesbrand.com/velzon/html/modern/assets/libs/gridjs/theme/mermaid.min.css]
[themesbrand.com/velzon/html/modern/assets/libs/dragula/dragula.min.css]
[themesbrand.com/velzon/html/modern/assets/images/svg/crypto-icons/btc.svg]
[themesbrand.com/velzon/html/modern/assets/images/svg/crypto-icons/eth.svg]
[themesbrand.com/velzon/html/modern/assets/images/svg/crypto-icons/ltc.svg]
[themesbrand.com/velzon/html/modern/assets/images/svg/crypto-icons/dash.svg]
[themesbrand.com/velzon/html/modern/assets/images/svg/crypto-icons/etc.svg]
[themesbrand.com/velzon/html/modern/assets/images/svg/crypto-icons/bnb.svg]
[themesbrand.com/velzon/html/modern/assets/images/svg/crypto-icons/usdt.svg]
[themesbrand.com/velzon/html/modern/assets/images/svg/crypto-icons/neo.svg]
[themesbrand.com/velzon/html/modern/assets/images/svg/crypto-icons/doge.svg]
[themesbrand.com/velzon/html/modern/assets/images/svg/crypto-icons/aave.svg]
[themesbrand.com/velzon/html/modern/assets/libs/dropzone/dropzone.css]
[themesbrand.com/velzon/html/modern/assets/libs/sweetalert2/sweetalert2.min.css]
[themesbrand.com/velzon/html/modern/ecommerce-product-detail.html]
[themesbrand.com/velzon/html/modern/apps-projects-create.html]
[themesbrand.com/velzon/html/modern/assets/images/svg/crypto-icons/eur.svg]
[themesbrand.com/velzon/html/modern/assets/images/svg/crypto-icons/gbp.svg]
[themesbrand.com/velzon/html/modern/assets/images/svg/crypto-icons/jpy.svg]
[themesbrand.com/velzon/html/modern/assets/images/svg/crypto-icons/xrp.svg]
[themesbrand.com/velzon/html/modern/assets/images/svg/crypto-icons/xmr.svg]
[themesbrand.com/velzon/html/modern/assets/images/svg/crypto-icons/xpm.svg]
[themesbrand.com/velzon/html/modern/assets/images/svg/crypto-icons/ppt.svg]
[themesbrand.com/velzon/html/modern/assets/images/svg/crypto-icons/sol.svg]
[themesbrand.com/velzon/html/modern/assets/images/svg/crypto-icons/ant.svg]
[themesbrand.com/velzon/html/modern/assets/images/svg/crypto-icons/fil.svg]
[themesbrand.com/velzon/html/modern/assets/images/svg/crypto-icons/ada.svg]
[themesbrand.com/velzon/html/modern/assets/images/svg/crypto-icons/dot.svg]
[themesbrand.com/velzon/html/modern/assets/images/svg/crypto-icons/mkr.svg]
[themesbrand.com/velzon/html/modern/assets/images/svg/crypto-icons/yfi.svg]
[themesbrand.com/velzon/html/modern/assets/images/svg/crypto-icons/mln.svg]
[themesbrand.com/velzon/html/modern/assets/images/svg/crypto-icons/vtc.svg]
[themesbrand.com/velzon/html/modern/assets/images/svg/crypto-icons/xsg.svg]
[themesbrand.com/velzon/html/modern/assets/images/svg/crypto-icons/bela.svg]
[themesbrand.com/velzon/html/modern/assets/images/svg/crypto-icons/arn.svg]
[themesbrand.com/velzon/html/modern/assets/images/svg/crypto-icons/cs.svg]
[themesbrand.com/velzon/html/modern/assets/images/svg/crypto-icons/add.svg]
[themesbrand.com/velzon/html/modern/assets/images/svg/crypto-icons/atm.svg]
[themesbrand.com/velzon/html/modern/assets/images/svg/crypto-icons/bcbc.svg]
[themesbrand.com/velzon/html/modern/assets/images/svg/crypto-icons/bix.svg]
[themesbrand.com/velzon/html/modern/assets/images/svg/crypto-icons/rise.svg]
[themesbrand.com/velzon/html/modern/assets/images/svg/crypto-icons/ark.svg]
[themesbrand.com/velzon/html/modern/assets/libs/filepond/filepond.min.css]
[themesbrand.com/velzon/html/modern/assets/libs/filepond-plugin-image-preview/filepond-plugin-image-preview.min.css]
[themesbrand.com/velzon/html/modern/assets/images/error.svg]
[themesbrand.com/velzon/html/modern/pages-gallery.html]
[themesbrand.com/velzon/html/modern/assets/images/clients/amazon.svg]
[themesbrand.com/velzon/html/modern/assets/images/clients/walmart.svg]
[themesbrand.com/velzon/html/modern/assets/images/clients/lenovo.svg]
[themesbrand.com/velzon/html/modern/assets/images/clients/paypal.svg]
[themesbrand.com/velzon/html/modern/assets/images/clients/shopify.svg]
[themesbrand.com/velzon/html/modern/assets/images/clients/verizon.svg]
[themesbrand.com/velzon/html/modern/assets/libs/aos/aos.css]
[themesbrand.com/velzon/html/modern/assets/libs/shepherd.js/css/shepherd.css]
[themesbrand.com/velzon/html/modern/assets/libs/@simonwep/pickr/themes/classic.min.css]
[themesbrand.com/velzon/html/modern/assets/libs/@simonwep/pickr/themes/monolith.min.css]
[themesbrand.com/velzon/html/modern/assets/libs/@simonwep/pickr/themes/nano.min.css]
[themesbrand.com/velzon/html/modern/assets/libs/multi.js/multi.min.css]
[themesbrand.com/velzon/html/modern/assets/libs/@tarekraafat/autocomplete.js/css/autoComplete.css]
[themesbrand.com/velzon/html/modern/forms-range-sliders.html]
[themesbrand.com/velzon/html/modern/forms-editors.html]
[cdn.jsdelivr.net/npm/select2@4.1.0-rc.0/dist/css/select2.min.css]
[cdn.datatables.net/1.11.5/css/dataTables.bootstrap5.min.css]
[cdn.datatables.net/responsive/2.2.9/css/responsive.bootstrap.min.css]
[cdn.datatables.net/buttons/2.2.2/css/buttons.dataTables.min.css]
[themesbrand.com/velzon/html/modern/icons-boxicons.html]
[themesbrand.com/velzon/html/modern/maps-google.html]
[themesbrand.com/velzon/html/modern/assets/libs/node-waves/waves.min.js]
[themesbrand.com/velzon/html/modern/assets/fonts/boxicons.eot]
[unpkg.com/gridjs/plugins/selection/dist/selection.umd.js]
[themesbrand.com/velzon/html/modern/assets/images/products/img-7.png]
[themesbrand.com/velzon/html/modern/assets/js/pages/profile-setting.init.js]
[themesbrand.com/velzon/html/modern/assets/js/pages/card.init.js]
[themesbrand.com/velzon/html/modern/assets/images/svg/bell.svg]
[themesbrand.com/velzon/html/modern/assets/libs/@tarekraafat/autocomplete.js/autoComplete.min.js]
[img.themesbrand.com/velzon/apexchart-js/stock-prices.js]
